<?xml version="1.0" encoding="UTF-8"?>
<!-- Generated by org.testng.reporters.JUnitReportReporter -->
<testsuite hostname="WIN10ANGULAR18" failures="0" tests="1" name="com.bjs.test.TestBjsSite" time="9.457" errors="0" timestamp="2022-11-22T16:03:56 IST" skipped="0">
  <testcase classname="com.bjs.test.TestBjsSite" name="openBjsSite" time="9.457"/>
  <system-out/>
</testsuite> <!-- com.bjs.test.TestBjsSite -->
